  [1m[36m (1.0ms)[0m  [1mCREATE TABLE "schema_migrations" ("version" varchar NOT NULL) [0m
  [1m[35m (0.0ms)[0m  select sqlite_version(*)
  [1m[36m (0.8ms)[0m  [1mCREATE UNIQUE INDEX "unique_schema_migrations" ON "schema_migrations" ("version")[0m
  [1m[35mActiveRecord::SchemaMigration Load (0.1ms)[0m  SELECT "schema_migrations".* FROM "schema_migrations"
  [1m[36mActiveRecord::SchemaMigration Load (0.4ms)[0m  [1mSELECT "schema_migrations".* FROM "schema_migrations"[0m
Migrating to CreateCompanies (20150509152722)
  [1m[35m (0.1ms)[0m  begin transaction
  [1m[36m (0.4ms)[0m  [1mCREATE TABLE "companies" ("id" INTEGER PRIMARY KEY AUTOINCREMENT NOT NULL, "name" varchar, "website" varchar, "sponsored" boolean, "created_at" datetime NOT NULL, "updated_at" datetime NOT NULL) [0m
  [1m[35mSQL (0.2ms)[0m  INSERT INTO "schema_migrations" ("version") VALUES (?)  [["version", "20150509152722"]]
  [1m[36m (0.8ms)[0m  [1mcommit transaction[0m
Migrating to CreateJobs (20150509153202)
  [1m[35m (0.1ms)[0m  begin transaction
  [1m[36m (0.3ms)[0m  [1mCREATE TABLE "jobs" ("id" INTEGER PRIMARY KEY AUTOINCREMENT NOT NULL, "title" varchar, "company_id" integer, "description" varchar, "begin" date, "end" date, "created_at" datetime NOT NULL, "updated_at" datetime NOT NULL) [0m
  [1m[35mSQL (0.1ms)[0m  INSERT INTO "schema_migrations" ("version") VALUES (?)  [["version", "20150509153202"]]
  [1m[36m (0.7ms)[0m  [1mcommit transaction[0m
  [1m[35mActiveRecord::SchemaMigration Load (0.1ms)[0m  SELECT "schema_migrations".* FROM "schema_migrations"
  [1m[36mActiveRecord::SchemaMigration Load (0.5ms)[0m  [1mSELECT "schema_migrations".* FROM "schema_migrations"[0m
  [1m[36mActiveRecord::SchemaMigration Load (0.4ms)[0m  [1mSELECT "schema_migrations".* FROM "schema_migrations"[0m
  [1m[35m (0.0ms)[0m  begin transaction
  [1m[36mSQL (1.1ms)[0m  [1mINSERT INTO "companies" ("name", "website", "sponsored", "created_at", "updated_at") VALUES (?, ?, ?, ?, ?)[0m  [["name", "TKO-äly"], ["website", "http://tko-aly.fi"], ["sponsored", "f"], ["created_at", "2016-01-20 09:11:24.063096"], ["updated_at", "2016-01-20 09:11:24.063096"]]
  [1m[35m (0.7ms)[0m  commit transaction
  [1m[36m (0.0ms)[0m  [1mbegin transaction[0m
  [1m[35mSQL (0.2ms)[0m  INSERT INTO "companies" ("name", "website", "sponsored", "created_at", "updated_at") VALUES (?, ?, ?, ?, ?)  [["name", "Solinor Oy"], ["website", "https://solinor.fi"], ["sponsored", "t"], ["created_at", "2016-01-20 09:11:24.069344"], ["updated_at", "2016-01-20 09:11:24.069344"]]
  [1m[36m (0.7ms)[0m  [1mcommit transaction[0m
  [1m[35m (0.0ms)[0m  begin transaction
  [1m[36mSQL (0.2ms)[0m  [1mINSERT INTO "companies" ("name", "website", "sponsored", "created_at", "updated_at") VALUES (?, ?, ?, ?, ?)[0m  [["name", "Futurice Oy"], ["website", "https://futurice.com"], ["sponsored", "t"], ["created_at", "2016-01-20 09:11:24.071296"], ["updated_at", "2016-01-20 09:11:24.071296"]]
  [1m[35m (0.8ms)[0m  commit transaction
  [1m[36m (0.0ms)[0m  [1mbegin transaction[0m
  [1m[35mSQL (0.7ms)[0m  INSERT INTO "jobs" ("title", "company_id", "description", "created_at", "updated_at") VALUES (?, ?, ?, ?, ?)  [["title", "Puheenjohtaja"], ["company_id", 1], ["description", "Tartteis hyvän puheenjohtajan"], ["created_at", "2016-01-20 09:11:24.078195"], ["updated_at", "2016-01-20 09:11:24.078195"]]
  [1m[36m (0.7ms)[0m  [1mcommit transaction[0m
DEPRECATION WARNING: You didn't set `secret_key_base`. Read the upgrade documentation to learn more about this new config option. (called from service at /Users/jonneairaksinen/.rbenv/versions/2.2.0/lib/ruby/2.2.0/webrick/httpserver.rb:138)
DEPRECATION WARNING: You didn't set `secret_key_base`. Read the upgrade documentation to learn more about this new config option. (called from service at /Users/jonneairaksinen/.rbenv/versions/2.2.0/lib/ruby/2.2.0/webrick/httpserver.rb:138)


Started GET "/" for ::1 at 2016-01-20 10:15:17 +0100
  [1m[36mActiveRecord::SchemaMigration Load (0.6ms)[0m  [1mSELECT "schema_migrations".* FROM "schema_migrations"[0m
Processing by Rails::WelcomeController#index as HTML
  Rendered /Users/jonneairaksinen/.rbenv/versions/2.2.0/lib/ruby/gems/2.2.0/gems/railties-4.2.0/lib/rails/templates/rails/welcome/index.html.erb (2.1ms)
Completed 200 OK in 22ms (Views: 13.5ms | ActiveRecord: 0.0ms)


Started GET "/companies.json" for ::1 at 2016-01-20 10:15:22 +0100
Processing by CompaniesController#index as JSON
  [1m[35mCompany Load (0.5ms)[0m  SELECT "companies".* FROM "companies"
  Rendered companies/index.json.jbuilder (12.3ms)
Completed 200 OK in 25ms (Views: 18.5ms | ActiveRecord: 0.8ms)


Started GET "/jobs.json" for ::1 at 2016-01-20 10:15:29 +0100
Processing by JobsController#index as JSON
  [1m[36mJob Load (0.4ms)[0m  [1mSELECT "jobs".* FROM "jobs"[0m
  Rendered jobs/index.json.jbuilder (4.5ms)
Completed 200 OK in 12ms (Views: 8.8ms | ActiveRecord: 0.6ms)


Started GET "/jobs" for ::1 at 2016-01-20 10:15:31 +0100
Processing by JobsController#index as HTML
  [1m[35mJob Load (0.2ms)[0m  SELECT "jobs".* FROM "jobs"
  Rendered jobs/index.html.erb within layouts/application (2.3ms)
Completed 200 OK in 1167ms (Views: 1166.6ms | ActiveRecord: 0.2ms)


Started GET "/assets/companies-64e62ddc273c2f5847f30d698ca14b67.css?body=1" for ::1 at 2016-01-20 10:15:32 +0100


Started GET "/assets/application-37a27fc801b11396bcf2b53b6f8c6dcc.css?body=1" for ::1 at 2016-01-20 10:15:32 +0100


Started GET "/assets/jquery-87424c3c19e96d4fb033c10ebe21ec40.js?body=1" for ::1 at 2016-01-20 10:15:32 +0100


Started GET "/assets/scaffolds-f598d8b729f8da79aa252e2fa6618fae.css?body=1" for ::1 at 2016-01-20 10:15:32 +0100


Started GET "/assets/jobs-64e62ddc273c2f5847f30d698ca14b67.css?body=1" for ::1 at 2016-01-20 10:15:32 +0100


Started GET "/assets/jquery_ujs-e27bd20a10d28155845a22d71ef94f2f.js?body=1" for ::1 at 2016-01-20 10:15:32 +0100


Started GET "/assets/turbolinks-f87b3583ca50adb0488b031297f5580d.js?body=1" for ::1 at 2016-01-20 10:15:32 +0100


Started GET "/assets/companies-fcec5b5a277ac7c20cc9f45a209a3bcd.js?body=1" for ::1 at 2016-01-20 10:15:32 +0100


Started GET "/assets/jobs-fcec5b5a277ac7c20cc9f45a209a3bcd.js?body=1" for ::1 at 2016-01-20 10:15:32 +0100


Started GET "/assets/application-d5dd9df895e734baa4e6c45e5b5415a9.js?body=1" for ::1 at 2016-01-20 10:15:32 +0100


Started GET "/companies" for ::1 at 2016-01-20 10:15:38 +0100
Processing by CompaniesController#index as HTML
  [1m[36mCompany Load (0.1ms)[0m  [1mSELECT "companies".* FROM "companies"[0m
  Rendered companies/index.html.erb within layouts/application (2.2ms)
Completed 200 OK in 37ms (Views: 35.8ms | ActiveRecord: 0.1ms)


Started DELETE "/companies/3" for ::1 at 2016-01-20 10:15:45 +0100
Processing by CompaniesController#destroy as HTML
  Parameters: {"authenticity_token"=>"88+ksnQsU1klj0Nkhwlzgj7btQ5bBcFJzhy8gEWkO+j6nRh1TCivL9QJIlkwF1uS+N1qIyI6bFEt4G5zm6Pn/A==", "id"=>"3"}
  [1m[35mCompany Load (0.2ms)[0m  SELECT  "companies".* FROM "companies" WHERE "companies"."id" = ? LIMIT 1  [["id", 3]]
  [1m[36m (0.0ms)[0m  [1mbegin transaction[0m
  [1m[35mSQL (0.3ms)[0m  DELETE FROM "companies" WHERE "companies"."id" = ?  [["id", 3]]
  [1m[36m (0.6ms)[0m  [1mcommit transaction[0m
Redirected to http://localhost:3000/companies
Completed 302 Found in 15ms (ActiveRecord: 1.1ms)


Started GET "/companies" for ::1 at 2016-01-20 10:15:45 +0100
Processing by CompaniesController#index as HTML
  [1m[35mCompany Load (0.1ms)[0m  SELECT "companies".* FROM "companies"
  Rendered companies/index.html.erb within layouts/application (1.0ms)
Completed 200 OK in 37ms (Views: 36.1ms | ActiveRecord: 0.1ms)


Started GET "/companies.json" for ::1 at 2016-01-20 10:21:04 +0100
Processing by CompaniesController#index as JSON
  [1m[36mCompany Load (0.1ms)[0m  [1mSELECT "companies".* FROM "companies"[0m
  Rendered companies/index.json.jbuilder (1.1ms)
Completed 200 OK in 5ms (Views: 4.6ms | ActiveRecord: 0.1ms)


Started GET "/jobs.json" for ::1 at 2016-01-20 10:21:08 +0100
Processing by JobsController#index as JSON
  [1m[35mJob Load (0.1ms)[0m  SELECT "jobs".* FROM "jobs"
  Rendered jobs/index.json.jbuilder (1.0ms)
Completed 200 OK in 5ms (Views: 4.2ms | ActiveRecord: 0.1ms)


Started GET "/" for ::1 at 2016-01-20 14:14:00 +0100
Processing by Rails::WelcomeController#index as HTML
  Rendered /Users/jonneairaksinen/.rbenv/versions/2.2.0/lib/ruby/gems/2.2.0/gems/railties-4.2.0/lib/rails/templates/rails/welcome/index.html.erb (0.6ms)
Completed 200 OK in 14ms (Views: 10.1ms | ActiveRecord: 0.0ms)
